<?xml version="1.0" encoding="UTF-8"?>
<!-- Generated by org.testng.reporters.JUnitReportReporter -->
<testsuite skipped="0" hostname="Basil" name="org.testng.CrossBrow" tests="4" failures="0" timestamp="03 Oct 2022 13:21:39 GMT" time="114.308" errors="0">
  <testcase name="browser" time="36.488" classname="org.testng.CrossBrow"/>
  <testcase name="browser" time="48.151" classname="org.testng.CrossBrow"/>
  <testcase name="ts1" time="10.161" classname="org.testng.CrossBrow"/>
  <testcase name="ts1" time="19.508" classname="org.testng.CrossBrow"/>
</testsuite> <!-- org.testng.CrossBrow -->
