<?xml version="1.0" encoding="UTF-8"?>
<!-- Generated by org.testng.reporters.JUnitReportReporter -->
<testsuite skipped="0" hostname="Basil" name="org.testng.Sam" tests="1" failures="0" timestamp="03 Oct 2022 13:32:26 GMT" time="0.060" errors="0">
  <testcase name="ts" time="0.060" classname="org.testng.Sam"/>
</testsuite> <!-- org.testng.Sam -->
